{"name": "test_CON_TC05_NewPost", "status": "failed", "statusDetails": {"message": "AssertionError: assert 'tesztalany1' == ['testuser2', 'testuser2@example.com', 'Abcd123$']\n +  where 'tesztalany1' = <selenium.webdriver.remote.webelement.WebElement (session=\"c7abc1c4f9da0c0b78cf5ca3f15a4eb4\", element=\"54e5b715-5fc4-4892-b00d-077f834d8ad7\")>.text\n +    where <selenium.webdriver.remote.webelement.WebElement (session=\"c7abc1c4f9da0c0b78cf5ca3f15a4eb4\", element=\"54e5b715-5fc4-4892-b00d-077f834d8ad7\")> = <bound method WebDriver.find_element_by_xpath of <selenium.webdriver.chrome.webdriver.WebDriver (session=\"c7abc1c4f9da0c0b78cf5ca3f15a4eb4\")>>('//div[@class=\"info\"]/a')\n +      where <bound method WebDriver.find_element_by_xpath of <selenium.webdriver.chrome.webdriver.WebDriver (session=\"c7abc1c4f9da0c0b78cf5ca3f15a4eb4\")>> = <selenium.webdriver.chrome.webdriver.WebDriver (session=\"c7abc1c4f9da0c0b78cf5ca3f15a4eb4\")>.find_element_by_xpath", "trace": "def test_CON_TC05_NewPost():\n        options = webdriver.ChromeOptions()\n        options.add_argument('--headless')\n        driver = webdriver.Chrome(ChromeDriverManager().install(), options=options)\n        driver.get(\"http://localhost:1667\")\n    \n        # Step0: Előfeltétel\n        testdata = [['testuser2', 'testuser2@example.com', 'Abcd123$']]\n        new_article = ['CikkCim', 'Tema', 'Tag']\n        new_art_szoveg = ['Ez egy új bejegyzés a vizsgamunkába.']\n    \n        signin_head = driver.find_element_by_xpath('//a[@href=\"#/login\"]')\n        signin_head.click()\n        input_items = driver.find_elements_by_xpath('//form//input')\n        signin_btn = driver.find_element_by_xpath('//form/button')\n        for e, i in enumerate(input_items):\n            i.send_keys(testdata[0][e + 1])\n            time.sleep(1)\n        signin_btn.click()\n        time.sleep(2)\n    \n        # Step4: elérhető a New Article felirat\n        newArt_head = driver.find_element_by_xpath('//*[@id=\"app\"]//li[2]/a')\n        assert newArt_head.text in ' New Article'\n    \n        # Step5: elérhető a New Article felirat\n        newArt_head.click()\n        time.sleep(2)\n        ph_i = [\"Article Title\", \"What's this article about?\", \"Enter tags\"]\n        ph_t = [\"Write your article (in markdown)\"]\n        input_items = driver.find_elements_by_xpath('//form//input')\n        # print(len(ph_i), len(input_items))\n        for e, i in enumerate(input_items):\n            assert i.get_attribute('placeholder') == ph_i[e]\n            # print(f\"A(z) {ph_i[e]} beviteli mező megjelenik.\")\n        assert driver.find_element_by_xpath('//form//textarea').get_attribute('placeholder') == ph_t[0]\n        # print(f\"A(z) {ph_t[0]} beviteli mező megjelenik.\")\n    \n        # Step6: Cikk feltöltése adatokkal\n        publish_btn = driver.find_element_by_xpath('//form/button')\n        for e, i in enumerate(input_items):\n            i.send_keys(new_article[e])\n            time.sleep(1)\n        driver.find_element_by_xpath('//form//textarea').send_keys(new_art_szoveg)\n        publish_btn.click()\n        time.sleep(2)\n    \n        # Step7: a felületen a title, a szerző, tag,  Edit és Delete gomb, valamint egy üres comment ablak és Post Comment gomb\n        assert driver.find_element_by_xpath('//div[@class=\"banner\"]//h1').text == new_article[0]\n>       assert driver.find_element_by_xpath('//div[@class=\"info\"]/a').text == testdata[0]\nE       assert 'tesztalany1' == ['testuser2', 'testuser2@example.com', 'Abcd123$']\nE        +  where 'tesztalany1' = <selenium.webdriver.remote.webelement.WebElement (session=\"c7abc1c4f9da0c0b78cf5ca3f15a4eb4\", element=\"54e5b715-5fc4-4892-b00d-077f834d8ad7\")>.text\nE        +    where <selenium.webdriver.remote.webelement.WebElement (session=\"c7abc1c4f9da0c0b78cf5ca3f15a4eb4\", element=\"54e5b715-5fc4-4892-b00d-077f834d8ad7\")> = <bound method WebDriver.find_element_by_xpath of <selenium.webdriver.chrome.webdriver.WebDriver (session=\"c7abc1c4f9da0c0b78cf5ca3f15a4eb4\")>>('//div[@class=\"info\"]/a')\nE        +      where <bound method WebDriver.find_element_by_xpath of <selenium.webdriver.chrome.webdriver.WebDriver (session=\"c7abc1c4f9da0c0b78cf5ca3f15a4eb4\")>> = <selenium.webdriver.chrome.webdriver.WebDriver (session=\"c7abc1c4f9da0c0b78cf5ca3f15a4eb4\")>.find_element_by_xpath\n\ntest_CON_TC05_NewPost.py:57: AssertionError"}, "attachments": [{"name": "log", "source": "6478c892-98cd-443a-88e8-18c725e86833-attachment.txt", "type": "text/plain"}, {"name": "stderr", "source": "ba54523f-7bc6-499a-b930-b6486866b122-attachment.txt", "type": "text/plain"}], "start": 1627136599962, "stop": 1627136613894, "uuid": "c5aa3a5b-c8ed-4c46-a669-c1b36db6840e", "historyId": "4fb6ba57b0d0c17cc46ebdc6108dfc09", "testCaseId": "39190be7f60dee5a7805d41141bf6401", "fullName": "test_CON_TC05_NewPost#test_CON_TC05_NewPost", "labels": [{"name": "suite", "value": "test_CON_TC05_NewPost"}, {"name": "host", "value": "T10-MOLIST"}, {"name": "thread", "value": "15908-MainThread"}, {"name": "framework", "value": "pytest"}, {"name": "language", "value": "cpython3"}, {"name": "package", "value": "test_CON_TC05_NewPost"}]}