{
  "uid" : "105c89cfada42c44",
  "name" : "test_CON_TC05_NewPost",
  "fullName" : "docs.testcases.test_CON_TC05_NewPost#test_CON_TC05_NewPost",
  "historyId" : "23b4d53f6dac9931cd6b4f20b4257a65",
  "time" : {
    "start" : 1627234891088,
    "stop" : 1627234896834,
    "duration" : 5746
  },
  "status" : "failed",
  "statusMessage" : "AssertionError: assert 'Sign in' in ' New Article'\n +  where 'Sign in' = <selenium.webdriver.remote.webelement.WebElement (session=\"7b837b17f9605329ed45102cfdd7b7c7\", element=\"cb627422-e55f-4ef9-b24c-550f639893a6\")>.text",
  "statusTrace" : "def test_CON_TC05_NewPost():\n        options = webdriver.ChromeOptions()\n        options.add_argument('--headless')\n        driver = webdriver.Chrome(ChromeDriverManager().install(), options=options)\n        driver.get(\"http://localhost:1667\")\n    \n        # Step0: Előfeltétel\n        testdata = [['tesztalany1', 'tesztalany1@ta.hu', 'Conduit003'], ['tesztalany2', 'tesztalany2@ta.hu', 'Conduit003']]\n        new_article = ['CikkCim', 'Tema', 'Tag']\n        new_art_szoveg = ['Ez egy új bejegyzés a vizsgamunkába.']\n    \n        signin_head = driver.find_element_by_xpath('//a[@href=\"#/login\"]')\n        signin_head.click()\n        input_items = driver.find_elements_by_xpath('//form//input')\n        signin_btn = driver.find_element_by_xpath('//form/button')\n        for e, i in enumerate(input_items):\n            i.send_keys(testdata[0][e + 1])\n            time.sleep(1)\n        signin_btn.click()\n        time.sleep(2)\n    \n        # Step4: elérhető a New Article felirat\n        newArt_head = driver.find_element_by_xpath('//*[@id=\"app\"]//li[2]/a')\n>       assert newArt_head.text in ' New Article'\nE       assert 'Sign in' in ' New Article'\nE        +  where 'Sign in' = <selenium.webdriver.remote.webelement.WebElement (session=\"7b837b17f9605329ed45102cfdd7b7c7\", element=\"cb627422-e55f-4ef9-b24c-550f639893a6\")>.text\n\ndocs/testcases/test_CON_TC05_NewPost.py:31: AssertionError",
  "flaky" : false,
  "newFailed" : false,
  "beforeStages" : [ ],
  "testStage" : {
    "status" : "failed",
    "statusMessage" : "AssertionError: assert 'Sign in' in ' New Article'\n +  where 'Sign in' = <selenium.webdriver.remote.webelement.WebElement (session=\"7b837b17f9605329ed45102cfdd7b7c7\", element=\"cb627422-e55f-4ef9-b24c-550f639893a6\")>.text",
    "statusTrace" : "def test_CON_TC05_NewPost():\n        options = webdriver.ChromeOptions()\n        options.add_argument('--headless')\n        driver = webdriver.Chrome(ChromeDriverManager().install(), options=options)\n        driver.get(\"http://localhost:1667\")\n    \n        # Step0: Előfeltétel\n        testdata = [['tesztalany1', 'tesztalany1@ta.hu', 'Conduit003'], ['tesztalany2', 'tesztalany2@ta.hu', 'Conduit003']]\n        new_article = ['CikkCim', 'Tema', 'Tag']\n        new_art_szoveg = ['Ez egy új bejegyzés a vizsgamunkába.']\n    \n        signin_head = driver.find_element_by_xpath('//a[@href=\"#/login\"]')\n        signin_head.click()\n        input_items = driver.find_elements_by_xpath('//form//input')\n        signin_btn = driver.find_element_by_xpath('//form/button')\n        for e, i in enumerate(input_items):\n            i.send_keys(testdata[0][e + 1])\n            time.sleep(1)\n        signin_btn.click()\n        time.sleep(2)\n    \n        # Step4: elérhető a New Article felirat\n        newArt_head = driver.find_element_by_xpath('//*[@id=\"app\"]//li[2]/a')\n>       assert newArt_head.text in ' New Article'\nE       assert 'Sign in' in ' New Article'\nE        +  where 'Sign in' = <selenium.webdriver.remote.webelement.WebElement (session=\"7b837b17f9605329ed45102cfdd7b7c7\", element=\"cb627422-e55f-4ef9-b24c-550f639893a6\")>.text\n\ndocs/testcases/test_CON_TC05_NewPost.py:31: AssertionError",
    "steps" : [ ],
    "attachments" : [ {
      "uid" : "5cc913bca12edd7c",
      "name" : "log",
      "source" : "5cc913bca12edd7c.txt",
      "type" : "text/plain",
      "size" : 344
    }, {
      "uid" : "589a803b05567dba",
      "name" : "stderr",
      "source" : "589a803b05567dba.txt",
      "type" : "text/plain",
      "size" : 215
    } ],
    "parameters" : [ ],
    "stepsCount" : 0,
    "attachmentsCount" : 2,
    "shouldDisplayMessage" : true,
    "hasContent" : true
  },
  "afterStages" : [ ],
  "labels" : [ {
    "name" : "parentSuite",
    "value" : "docs.testcases"
  }, {
    "name" : "suite",
    "value" : "test_CON_TC05_NewPost"
  }, {
    "name" : "host",
    "value" : "fv-az82-764"
  }, {
    "name" : "thread",
    "value" : "4243-MainThread"
  }, {
    "name" : "framework",
    "value" : "pytest"
  }, {
    "name" : "language",
    "value" : "cpython3"
  }, {
    "name" : "package",
    "value" : "docs.testcases.test_CON_TC05_NewPost"
  }, {
    "name" : "resultFormat",
    "value" : "allure2"
  } ],
  "parameters" : [ ],
  "links" : [ ],
  "hidden" : false,
  "retry" : false,
  "extra" : {
    "severity" : "normal",
    "retries" : [ ],
    "categories" : [ {
      "name" : "Product defects",
      "matchedStatuses" : [ ],
      "flaky" : false
    } ],
    "history" : {
      "statistic" : {
        "failed" : 3,
        "broken" : 3,
        "skipped" : 0,
        "passed" : 0,
        "unknown" : 0,
        "total" : 6
      },
      "items" : [ {
        "uid" : "a4d4f95810d749d4",
        "reportUrl" : "https://iiistvan.github.io/conduit/23//#testresult/a4d4f95810d749d4",
        "status" : "failed",
        "statusDetails" : "AssertionError: assert 'Sign in' in ' New Article'\n +  where 'Sign in' = <selenium.webdriver.remote.webelement.WebElement (session=\"45f6878503af2ad05d2ff8e3bceddb86\", element=\"f95fd6fa-6452-454a-a49c-7ba890873c1c\")>.text",
        "time" : {
          "start" : 1627234364968,
          "stop" : 1627234370889,
          "duration" : 5921
        }
      }, {
        "uid" : "49c253939fee0eba",
        "reportUrl" : "https://iiistvan.github.io/conduit/22//#testresult/49c253939fee0eba",
        "status" : "failed",
        "statusDetails" : "AssertionError: assert 'Sign in' in ' New Article'\n +  where 'Sign in' = <selenium.webdriver.remote.webelement.WebElement (session=\"9afafcf131ebdb6bbb62bf6b33c0e06e\", element=\"60347f0a-f3da-4d08-9ad5-6c5d888a7777\")>.text",
        "time" : {
          "start" : 1627233983373,
          "stop" : 1627233989000,
          "duration" : 5627
        }
      }, {
        "uid" : "25a1559232651b1e",
        "reportUrl" : "https://iiistvan.github.io/conduit/21//#testresult/25a1559232651b1e",
        "status" : "broken",
        "statusDetails" : "selenium.common.exceptions.NoSuchElementException: Message: no such element: Unable to locate element: {\"method\":\"xpath\",\"selector\":\"//a[@href=\"#/login\"]\"}\n  (Session info: headless chrome=91.0.4472.164)",
        "time" : {
          "start" : 1627233283184,
          "stop" : 1627233284878,
          "duration" : 1694
        }
      }, {
        "uid" : "9d1baaa4014bfc42",
        "reportUrl" : "https://iiistvan.github.io/conduit/20//#testresult/9d1baaa4014bfc42",
        "status" : "broken",
        "statusDetails" : "selenium.common.exceptions.NoSuchElementException: Message: no such element: Unable to locate element: {\"method\":\"xpath\",\"selector\":\"//a[@href=\"#/login\"]\"}\n  (Session info: headless chrome=91.0.4472.164)",
        "time" : {
          "start" : 1627232882245,
          "stop" : 1627232883798,
          "duration" : 1553
        }
      }, {
        "uid" : "b10dd6fd8f9757dd",
        "reportUrl" : "https://iiistvan.github.io/conduit/18//#testresult/b10dd6fd8f9757dd",
        "status" : "broken",
        "statusDetails" : "selenium.common.exceptions.NoSuchElementException: Message: no such element: Unable to locate element: {\"method\":\"xpath\",\"selector\":\"//a[@href=\"#/login\"]\"}\n  (Session info: headless chrome=91.0.4472.164)",
        "time" : {
          "start" : 1627230409716,
          "stop" : 1627230411268,
          "duration" : 1552
        }
      } ]
    },
    "tags" : [ ]
  },
  "source" : "105c89cfada42c44.json",
  "parameterValues" : [ ]
}