{
  "uid" : "2c8e1c0356836d93",
  "name" : "test_CON_TC23_Pages",
  "fullName" : "docs.testcases.test_CON_TC23_Pages#test_CON_TC23_Pages",
  "historyId" : "1818268b119944b7fb105f8d853e53da",
  "time" : {
    "start" : 1627233291648,
    "stop" : 1627233298429,
    "duration" : 6781
  },
  "status" : "passed",
  "flaky" : false,
  "newFailed" : false,
  "beforeStages" : [ ],
  "testStage" : {
    "status" : "passed",
    "steps" : [ ],
    "attachments" : [ {
      "uid" : "b5887f4a296c7105",
      "name" : "log",
      "source" : "b5887f4a296c7105.txt",
      "type" : "text/plain",
      "size" : 344
    }, {
      "uid" : "6f6772a41f2c120f",
      "name" : "stderr",
      "source" : "6f6772a41f2c120f.txt",
      "type" : "text/plain",
      "size" : 215
    } ],
    "parameters" : [ ],
    "stepsCount" : 0,
    "attachmentsCount" : 2,
    "shouldDisplayMessage" : false,
    "hasContent" : true
  },
  "afterStages" : [ ],
  "labels" : [ {
    "name" : "parentSuite",
    "value" : "docs.testcases"
  }, {
    "name" : "suite",
    "value" : "test_CON_TC23_Pages"
  }, {
    "name" : "host",
    "value" : "fv-az83-450"
  }, {
    "name" : "thread",
    "value" : "4198-MainThread"
  }, {
    "name" : "framework",
    "value" : "pytest"
  }, {
    "name" : "language",
    "value" : "cpython3"
  }, {
    "name" : "package",
    "value" : "docs.testcases.test_CON_TC23_Pages"
  }, {
    "name" : "resultFormat",
    "value" : "allure2"
  } ],
  "parameters" : [ ],
  "links" : [ ],
  "hidden" : false,
  "retry" : false,
  "extra" : {
    "severity" : "normal",
    "retries" : [ ],
    "categories" : [ ],
    "history" : {
      "statistic" : {
        "failed" : 0,
        "broken" : 2,
        "skipped" : 0,
        "passed" : 1,
        "unknown" : 0,
        "total" : 3
      },
      "items" : [ {
        "uid" : "bcc588794b566500",
        "reportUrl" : "https://iiistvan.github.io/conduit/20//#testresult/bcc588794b566500",
        "status" : "broken",
        "statusDetails" : "selenium.common.exceptions.NoSuchElementException: Message: no such element: Unable to locate element: {\"method\":\"xpath\",\"selector\":\"//a[@href=\"#/login\"]\"}\n  (Session info: headless chrome=91.0.4472.164)",
        "time" : {
          "start" : 1627232889023,
          "stop" : 1627232890536,
          "duration" : 1513
        }
      }, {
        "uid" : "58e643fe1b028196",
        "reportUrl" : "https://iiistvan.github.io/conduit/18//#testresult/58e643fe1b028196",
        "status" : "broken",
        "statusDetails" : "selenium.common.exceptions.NoSuchElementException: Message: no such element: Unable to locate element: {\"method\":\"xpath\",\"selector\":\"//a[@href=\"#/login\"]\"}\n  (Session info: headless chrome=91.0.4472.164)",
        "time" : {
          "start" : 1627230412867,
          "stop" : 1627230414350,
          "duration" : 1483
        }
      } ]
    },
    "tags" : [ ]
  },
  "source" : "2c8e1c0356836d93.json",
  "parameterValues" : [ ]
}